<html>
<head>
<title>TestNG:  Test</title>
<link href="../testng.css" rel="stylesheet" type="text/css" />
<link href="../my-testng.css" rel="stylesheet" type="text/css" />

<style type="text/css">
.log { display: none;} 
.stack-trace { display: none;} 
</style>
<script type="text/javascript">
<!--
function flip(e) {
  current = e.style.display;
  if (current == 'block') {
    e.style.display = 'none';
    return 0;
  }
  else {
    e.style.display = 'block';
    return 1;
  }
}

function toggleBox(szDivId, elem, msg1, msg2)
{
  var res = -1;  if (document.getElementById) {
    res = flip(document.getElementById(szDivId));
  }
  else if (document.all) {
    // this is the way old msie versions work
    res = flip(document.all[szDivId]);
  }
  if(elem) {
    if(res == 0) elem.innerHTML = msg1; else elem.innerHTML = msg2;
  }

}

function toggleAllBoxes() {
  if (document.getElementsByTagName) {
    d = document.getElementsByTagName('div');
    for (i = 0; i < d.length; i++) {
      if (d[i].className == 'log') {
        flip(d[i]);
      }
    }
  }
}

// -->
</script>

</head>
<body>
<h2 align='center'>Test</h2><table border='1' align="center">
<tr>
<td>Tests passed/Failed/Skipped:</td><td>5/0/0</td>
</tr><tr>
<td>Started on:</td><td>Fri Apr 26 17:59:13 IST 2024</td>
</tr>
<tr><td>Total time:</td><td>143 seconds (143337 ms)</td>
</tr><tr>
<td>Included groups:</td><td></td>
</tr><tr>
<td>Excluded groups:</td><td></td>
</tr>
</table><p/>
<small><i>(Hover the method name to see the test class name)</i></small><p/>
<table width='100%' border='1' class='invocation-failed'>
<tr><td colspan='4' align='center'><b>FAILED CONFIGURATIONS</b></td></tr>
<tr><td><b>Test method</b></td>
<td width="30%"><b>Exception</b></td>
<td width="10%"><b>Time (seconds)</b></td>
<td><b>Instance</b></td>
</tr>
<tr>
<td title='testScripts.BuyProductUsingCodTest.logoutSS()'><b>logoutSS</b><br>Test class: testScripts.BuyProductUsingCodTest</td>
<td><div><pre>org.openqa.selenium.ElementClickInterceptedException: element click intercepted: Element &lt;li class=&quot;MuiButtonBase-root MuiMenuItem-root MuiMenuItem-gutters css-1km1ehz&quot; tabindex=&quot;-1&quot; role=&quot;menuitem&quot;&gt;...&lt;/li&gt; is not clickable at point (1404, 231). Other element would receive the click: &lt;li class=&quot;MuiButtonBase-root MuiMenuItem-root MuiMenuItem-gutters css-1km1ehz&quot; tabindex=&quot;-1&quot; role=&quot;menuitem&quot;&gt;...&lt;/li&gt;
  (Session info: chrome=124.0.6367.78)
Build info: version: &apos;4.15.0&apos;, revision: &apos;1d14b5521b&apos;
System info: os.name: &apos;Windows 11&apos;, os.arch: &apos;amd64&apos;, os.version: &apos;10.0&apos;, java.version: &apos;17.0.4.1&apos;
Driver info: org.openqa.selenium.chrome.ChromeDriver
Command: [0843f30ebc9c5efd8fff946f31991edd, clickElement {id=f.27E4C3D8AB97B30A4AB909E1D8F2E507.d.D3F0D29CBB22CB1CA68411AE97090195.e.3129}]
Capabilities {acceptInsecureCerts: false, browserName: chrome, browserVersion: 124.0.6367.78, chrome: {chromedriverVersion: 124.0.6367.91 (51df0e5e17a8..., userDataDir: C:\Users\gulsh\AppData\Loca...}, fedcm:accounts: true, goog:chromeOptions: {debuggerAddress: localhost:51585}, networkConnectionEnabled: false, pageLoadStrategy: normal, platformName: windows, proxy: Proxy(), se:cdp: ws://localhost:51585/devtoo..., se:cdpVersion: 124.0.6367.78, setWindowRect: true, strictFileInteractability: false, timeouts: {implicit: 0, pageLoad: 300000, script: 30000}, unhandledPromptBehavior: dismiss and notify, webauthn:extension:credBlob: true, webauthn:extension:largeBlob: true, webauthn:extension:minPinLength: true, webauthn:extension:prf: true, webauthn:virtualAuthenticators: true}
Element: [[ChromeDriver: chrome on windows (0843f30ebc9c5efd8fff946f31991edd)] -&gt; xpath: //li[text()=&apos;Logout&apos;]]
Session ID: 0843f30ebc9c5efd8fff946f31991edd
	at org.openqa.selenium.remote.codec.w3c.W3CHttpResponseCodec.createException(W3CHttpResponseCodec.java:200)
	at org.openqa.selenium.remote.codec.w3c.W3CHttpResponseCodec.decode(W3CHttpResponseCodec.java:133)
	at org.openqa.selenium.remote.codec.w3c.W3CHttpResponseCodec.decode(W3CHttpResponseCodec.java:52)
	at org.openqa.selenium.remote.HttpCommandExecutor.execute(HttpCommandExecutor.java:191)
	at org.openqa.selenium.remote.service.DriverCommandExecutor.invokeExecute(DriverCommandExecutor.java:200)
	at org.openqa.selenium.remote.service.DriverCommandExecutor.execute(DriverCommandExecutor.java:175)
	at org.openqa.selenium.remote.RemoteWebDriver.execute(RemoteWebDriver.java:607)
	at org.openqa.selenium.remote.RemoteWebElement.execute(RemoteWebElement.java:224)
	at org.openqa.selenium.remote.RemoteWebElement.click(RemoteWebElement.java:77)
	at org.openqa.selenium.support.pagefactory.internal.LocatingElementHandler.invoke(LocatingElementHandler.java:51)
	at jdk.proxy2/jdk.proxy2.$Proxy16.click(Unknown Source)
	at pomPages.HomePage.clickOnLogout(HomePage.java:106)
	at genericLib.BaseTest.logoutSS(BaseTest.java:67)
... Removed 36 stack frames</pre></div><a href='#' onClick='toggleBox("stack-trace1874919946", this, "Click to show all stack frames", "Click to hide stack frames")'>Click to show all stack frames</a>
<div class='stack-trace' id='stack-trace1874919946'><pre>org.openqa.selenium.ElementClickInterceptedException: element click intercepted: Element &lt;li class=&quot;MuiButtonBase-root MuiMenuItem-root MuiMenuItem-gutters css-1km1ehz&quot; tabindex=&quot;-1&quot; role=&quot;menuitem&quot;&gt;...&lt;/li&gt; is not clickable at point (1404, 231). Other element would receive the click: &lt;li class=&quot;MuiButtonBase-root MuiMenuItem-root MuiMenuItem-gutters css-1km1ehz&quot; tabindex=&quot;-1&quot; role=&quot;menuitem&quot;&gt;...&lt;/li&gt;
  (Session info: chrome=124.0.6367.78)
Build info: version: &apos;4.15.0&apos;, revision: &apos;1d14b5521b&apos;
System info: os.name: &apos;Windows 11&apos;, os.arch: &apos;amd64&apos;, os.version: &apos;10.0&apos;, java.version: &apos;17.0.4.1&apos;
Driver info: org.openqa.selenium.chrome.ChromeDriver
Command: [0843f30ebc9c5efd8fff946f31991edd, clickElement {id=f.27E4C3D8AB97B30A4AB909E1D8F2E507.d.D3F0D29CBB22CB1CA68411AE97090195.e.3129}]
Capabilities {acceptInsecureCerts: false, browserName: chrome, browserVersion: 124.0.6367.78, chrome: {chromedriverVersion: 124.0.6367.91 (51df0e5e17a8..., userDataDir: C:\Users\gulsh\AppData\Loca...}, fedcm:accounts: true, goog:chromeOptions: {debuggerAddress: localhost:51585}, networkConnectionEnabled: false, pageLoadStrategy: normal, platformName: windows, proxy: Proxy(), se:cdp: ws://localhost:51585/devtoo..., se:cdpVersion: 124.0.6367.78, setWindowRect: true, strictFileInteractability: false, timeouts: {implicit: 0, pageLoad: 300000, script: 30000}, unhandledPromptBehavior: dismiss and notify, webauthn:extension:credBlob: true, webauthn:extension:largeBlob: true, webauthn:extension:minPinLength: true, webauthn:extension:prf: true, webauthn:virtualAuthenticators: true}
Element: [[ChromeDriver: chrome on windows (0843f30ebc9c5efd8fff946f31991edd)] -&gt; xpath: //li[text()=&apos;Logout&apos;]]
Session ID: 0843f30ebc9c5efd8fff946f31991edd
	at java.base/jdk.internal.reflect.NativeConstructorAccessorImpl.newInstance0(Native Method)
	at java.base/jdk.internal.reflect.NativeConstructorAccessorImpl.newInstance(NativeConstructorAccessorImpl.java:77)
	at java.base/jdk.internal.reflect.DelegatingConstructorAccessorImpl.newInstance(DelegatingConstructorAccessorImpl.java:45)
	at java.base/java.lang.reflect.Constructor.newInstanceWithCaller(Constructor.java:499)
	at java.base/java.lang.reflect.Constructor.newInstance(Constructor.java:480)
	at org.openqa.selenium.remote.codec.w3c.W3CHttpResponseCodec.createException(W3CHttpResponseCodec.java:200)
	at org.openqa.selenium.remote.codec.w3c.W3CHttpResponseCodec.decode(W3CHttpResponseCodec.java:133)
	at org.openqa.selenium.remote.codec.w3c.W3CHttpResponseCodec.decode(W3CHttpResponseCodec.java:52)
	at org.openqa.selenium.remote.HttpCommandExecutor.execute(HttpCommandExecutor.java:191)
	at org.openqa.selenium.remote.service.DriverCommandExecutor.invokeExecute(DriverCommandExecutor.java:200)
	at org.openqa.selenium.remote.service.DriverCommandExecutor.execute(DriverCommandExecutor.java:175)
	at org.openqa.selenium.remote.RemoteWebDriver.execute(RemoteWebDriver.java:607)
	at org.openqa.selenium.remote.RemoteWebElement.execute(RemoteWebElement.java:224)
	at org.openqa.selenium.remote.RemoteWebElement.click(RemoteWebElement.java:77)
	at jdk.internal.reflect.GeneratedMethodAccessor1.invoke(Unknown Source)
	at java.base/jdk.internal.reflect.DelegatingMethodAccessorImpl.invoke(DelegatingMethodAccessorImpl.java:43)
	at java.base/java.lang.reflect.Method.invoke(Method.java:568)
	at org.openqa.selenium.support.pagefactory.internal.LocatingElementHandler.invoke(LocatingElementHandler.java:51)
	at jdk.proxy2/jdk.proxy2.$Proxy16.click(Unknown Source)
	at pomPages.HomePage.clickOnLogout(HomePage.java:106)
	at genericLib.BaseTest.logoutSS(BaseTest.java:67)
	at java.base/jdk.internal.reflect.NativeMethodAccessorImpl.invoke0(Native Method)
	at java.base/jdk.internal.reflect.NativeMethodAccessorImpl.invoke(NativeMethodAccessorImpl.java:77)
	at java.base/jdk.internal.reflect.DelegatingMethodAccessorImpl.invoke(DelegatingMethodAccessorImpl.java:43)
	at java.base/java.lang.reflect.Method.invoke(Method.java:568)
	at org.testng.internal.MethodInvocationHelper.invokeMethod(MethodInvocationHelper.java:124)
	at org.testng.internal.MethodInvocationHelper.invokeMethodConsideringTimeout(MethodInvocationHelper.java:59)
	at org.testng.internal.Invoker.invokeConfigurationMethod(Invoker.java:458)
	at org.testng.internal.Invoker.invokeConfigurations(Invoker.java:222)
	at org.testng.internal.Invoker.invokeMethod(Invoker.java:646)
	at org.testng.internal.Invoker.invokeTestMethod(Invoker.java:719)
	at org.testng.internal.Invoker.invokeTestMethods(Invoker.java:989)
	at org.testng.internal.TestMethodWorker.invokeTestMethods(TestMethodWorker.java:125)
	at org.testng.internal.TestMethodWorker.run(TestMethodWorker.java:109)
	at org.testng.TestRunner.privateRun(TestRunner.java:648)
	at org.testng.TestRunner.run(TestRunner.java:505)
	at org.testng.SuiteRunner.runTest(SuiteRunner.java:455)
	at org.testng.SuiteRunner.runSequentially(SuiteRunner.java:450)
	at org.testng.SuiteRunner.privateRun(SuiteRunner.java:415)
	at org.testng.SuiteRunner.run(SuiteRunner.java:364)
	at org.testng.SuiteRunnerWorker.runSuite(SuiteRunnerWorker.java:52)
	at org.testng.SuiteRunnerWorker.run(SuiteRunnerWorker.java:84)
	at org.testng.TestNG.runSuitesSequentially(TestNG.java:1208)
	at org.testng.TestNG.runSuitesLocally(TestNG.java:1137)
	at org.testng.TestNG.runSuites(TestNG.java:1049)
	at org.testng.TestNG.run(TestNG.java:1017)
	at org.testng.remote.AbstractRemoteTestNG.run(AbstractRemoteTestNG.java:115)
	at org.testng.remote.RemoteTestNG.initAndRun(RemoteTestNG.java:293)
	at org.testng.remote.RemoteTestNG.main(RemoteTestNG.java:91)
</pre></div></td>
<td>1</td>
<td>testScripts.BuyProductUsingCodTest@5c44c582</td></tr>
</table><p>
<table width='100%' border='1' class='invocation-skipped'>
<tr><td colspan='4' align='center'><b>SKIPPED CONFIGURATIONS</b></td></tr>
<tr><td><b>Test method</b></td>
<td width="30%"><b>Exception</b></td>
<td width="10%"><b>Time (seconds)</b></td>
<td><b>Instance</b></td>
</tr>
<tr>
<td title='testScripts.BuyProductUsingCodTest.closeBrowser()'><b>closeBrowser</b><br>Test class: testScripts.BuyProductUsingCodTest</td>
<td></td>
<td>0</td>
<td>testScripts.BuyProductUsingCodTest@5c44c582</td></tr>
</table><p>
<table width='100%' border='1' class='invocation-passed'>
<tr><td colspan='4' align='center'><b>PASSED TESTS</b></td></tr>
<tr><td><b>Test method</b></td>
<td width="30%"><b>Exception</b></td>
<td width="10%"><b>Time (seconds)</b></td>
<td><b>Instance</b></td>
</tr>
<tr>
<td title='testScripts.addAndEditCartTest.addProductToCart()'><b>addProductToCart</b><br>Test class: testScripts.addAndEditCartTest<br/>
<a href="#Output-179455108" onClick='toggleBox("Output-179455108", this, "Show output", "Hide output");'>Show output</a>

<a href="#Output-179455108" onClick="toggleAllBoxes();">Show all outputs</a>
<div class='log' id="Output-179455108">
Test Started Successfully<br/>
Test success<br/>
</div>
</td>
<td></td>
<td>8</td>
<td>testScripts.addAndEditCartTest@2c78d320</td></tr>
<tr>
<td title='testScripts.AddProductInWishListTest.addProductToWishList()'><b>addProductToWishList</b><br>Test class: testScripts.AddProductInWishListTest<br/>
<a href="#Output-969115094" onClick='toggleBox("Output-969115094", this, "Show output", "Hide output");'>Show output</a>

<a href="#Output-969115094" onClick="toggleAllBoxes();">Show all outputs</a>
<div class='log' id="Output-969115094">
Test Started Successfully<br/>
Test success<br/>
</div>
</td>
<td></td>
<td>10</td>
<td>testScripts.AddProductInWishListTest@31ff43be</td></tr>
<tr>
<td title='testScripts.BuyProductUsingCodTest.buyProduct()'><b>buyProduct</b><br>Test class: testScripts.BuyProductUsingCodTest<br/>
<a href="#Output-934636231" onClick='toggleBox("Output-934636231", this, "Show output", "Hide output");'>Show output</a>

<a href="#Output-934636231" onClick="toggleAllBoxes();">Show all outputs</a>
<div class='log' id="Output-934636231">
Test Started Successfully<br/>
Test success<br/>
</div>
</td>
<td></td>
<td>11</td>
<td>testScripts.BuyProductUsingCodTest@5c44c582</td></tr>
<tr>
<td title='testScripts.BuyProductUsingCreditCard.buyProductWithCreditCard()'><b>buyProductWithCreditCard</b><br>Test class: testScripts.BuyProductUsingCreditCard<br/>
<a href="#Output-352185757" onClick='toggleBox("Output-352185757", this, "Show output", "Hide output");'>Show output</a>

<a href="#Output-352185757" onClick="toggleAllBoxes();">Show all outputs</a>
<div class='log' id="Output-352185757">
Test Started Successfully<br/>
Test success<br/>
</div>
</td>
<td></td>
<td>9</td>
<td>testScripts.BuyProductUsingCreditCard@67d18ed7</td></tr>
<tr>
<td title='testScripts.SearchProductTest.searchProduct()'><b>searchProduct</b><br>Test class: testScripts.SearchProductTest<br>Test method: verify user should able to search the product<br/>
<a href="#Output-2066770847" onClick='toggleBox("Output-2066770847", this, "Show output", "Hide output");'>Show output</a>

<a href="#Output-2066770847" onClick="toggleAllBoxes();">Show all outputs</a>
<div class='log' id="Output-2066770847">
Test Started Successfully<br/>
Test success<br/>
</div>
</td>
<td></td>
<td>3</td>
<td>testScripts.SearchProductTest@5b6ec132</td></tr>
</table><p>
</body>
</html>